  Utility.vcxproj -> C:\Users\Administrator\Desktop\97기 SR\97A1\03.Hue\Engine\Utility\Include\../Bin/Release\Utility.dll
  Utility.vcxproj -> ../Bin/Release\Utility.pdb (Full PDB)
  .\Engine\Utility\Code\Camera.h
  .\Engine\Utility\Code\Component.h
  .\Engine\Utility\Code\Cube.h
  .\Engine\Utility\Code\GameObject.h
  .\Engine\Utility\Code\InfoSubject.h
  .\Engine\Utility\Code\KeyMgr.h
  .\Engine\Utility\Code\Layer.h
  .\Engine\Utility\Code\Management.h
  .\Engine\Utility\Code\MathMgr.h
  .\Engine\Utility\Code\Obj.h
  .\Engine\Utility\Code\Observer.h
  .\Engine\Utility\Code\Pipeline.h
  .\Engine\Utility\Code\Renderer.h
  .\Engine\Utility\Code\Scene.h
  .\Engine\Utility\Code\Subject.h
  .\Engine\Utility\Code\Transform.h
         16개 파일이 복사되었습니다.
  .\Engine\Utility\Code\*.hpp 
  지정된 파일을 찾을 수 없습니다.
          0개 파일이 복사되었습니다.
          1개 파일이 복사되었습니다.
          1개 파일이 복사되었습니다.
          1개 파일이 복사되었습니다.
  .\Engine\Header\Engine_Enum.h
  .\Engine\Header\Engine_Function.h
  .\Engine\Header\Engine_Include.h
  .\Engine\Header\Engine_Macro.h
  .\Engine\Header\Engine_Math.h
  .\Engine\Header\Engine_Struct.h
  .\Engine\Header\Export_Function.h
  .\Engine\Header\Export_Resources.h
  .\Engine\Header\Export_System.h
  .\Engine\Header\Export_Utility.h
         10개 파일이 복사되었습니다.
  .\Engine\Header\Export_Resources.inl
  .\Engine\Header\Export_System.inl
  .\Engine\Header\Export_Utility.inl
          3개 파일이 복사되었습니다.
