c:\users\재우\desktop\sr막바지\trunk\1002_5\tool\include\debug\tool.pch
c:\users\재우\desktop\sr막바지\trunk\1002_5\tool\include\debug\vc140.pdb
c:\users\재우\desktop\sr막바지\trunk\1002_5\tool\include\debug\vc140.idb
c:\users\재우\desktop\sr막바지\trunk\1002_5\tool\include\debug\stdafx.obj
c:\users\재우\desktop\sr막바지\trunk\1002_5\tool\include\debug\cubecrate.obj
c:\users\재우\desktop\sr막바지\trunk\1002_5\tool\include\debug\cubedeco.obj
c:\users\재우\desktop\sr막바지\trunk\1002_5\tool\include\debug\cubeskull.obj
c:\users\재우\desktop\sr막바지\trunk\1002_5\tool\include\debug\door.obj
c:\users\재우\desktop\sr막바지\trunk\1002_5\tool\include\debug\doorlock.obj
c:\users\재우\desktop\sr막바지\trunk\1002_5\tool\include\debug\etc.obj
c:\users\재우\desktop\sr막바지\trunk\1002_5\tool\include\debug\fileinfo.obj
c:\users\재우\desktop\sr막바지\trunk\1002_5\tool\include\debug\orthocamera.obj
c:\users\재우\desktop\sr막바지\trunk\1002_5\tool\include\debug\terrain.obj
c:\users\재우\desktop\sr막바지\trunk\1002_5\tool\include\debug\toolmgr.obj
c:\users\재우\desktop\sr막바지\trunk\1002_5\tool\include\debug\eventtool.obj
c:\users\재우\desktop\sr막바지\trunk\1002_5\tool\include\debug\mainfrm.obj
c:\users\재우\desktop\sr막바지\trunk\1002_5\tool\include\debug\maptool.obj
c:\users\재우\desktop\sr막바지\trunk\1002_5\tool\include\debug\myform.obj
c:\users\재우\desktop\sr막바지\trunk\1002_5\tool\include\debug\objecttool.obj
c:\users\재우\desktop\sr막바지\trunk\1002_5\tool\include\debug\pathextractortool.obj
c:\users\재우\desktop\sr막바지\trunk\1002_5\tool\include\debug\subview.obj
c:\users\재우\desktop\sr막바지\trunk\1002_5\tool\include\debug\tool.obj
c:\users\재우\desktop\sr막바지\trunk\1002_5\tool\include\debug\tooldoc.obj
c:\users\재우\desktop\sr막바지\trunk\1002_5\tool\include\debug\toolview.obj
c:\users\재우\desktop\sr막바지\trunk\1002_5\tool\include\debug\cubeballoon.obj
c:\users\재우\desktop\sr막바지\trunk\1002_5\tool\include\debug\cubelaser.obj
c:\users\재우\desktop\sr막바지\trunk\1002_5\tool\include\debug\cubeplatform.obj
c:\users\재우\desktop\sr막바지\trunk\1002_5\tool\include\debug\cuberock.obj
c:\users\재우\desktop\sr막바지\trunk\1002_5\tool\include\debug\cuberope.obj
c:\users\재우\desktop\sr막바지\trunk\1002_5\tool\include\debug\cubespikes.obj
c:\users\재우\desktop\sr막바지\trunk\1002_5\tool\include\debug\cubestairs.obj
c:\users\재우\desktop\sr막바지\trunk\1002_5\tool\include\debug\decoobj.obj
c:\users\재우\desktop\sr막바지\trunk\1002_5\tool\include\debug\chandlier.obj
c:\users\재우\desktop\sr막바지\trunk\1002_5\tool\include\debug\cubebrick.obj
c:\users\재우\desktop\sr막바지\trunk\1003_1\tool\include\debug\tool.pch
c:\users\재우\desktop\sr막바지\trunk\1003_1\tool\include\debug\vc140.pdb
c:\users\재우\desktop\sr막바지\trunk\1003_1\tool\include\debug\vc140.idb
c:\users\재우\desktop\sr막바지\trunk\1003_1\tool\include\debug\stdafx.obj
c:\users\재우\desktop\sr막바지\trunk\1003_1\tool\include\debug\cubecrate.obj
c:\users\재우\desktop\sr막바지\trunk\1003_1\tool\include\debug\cubedeco.obj
c:\users\재우\desktop\sr막바지\trunk\1003_1\tool\include\debug\cubeskull.obj
c:\users\재우\desktop\sr막바지\trunk\1003_1\tool\include\debug\door.obj
c:\users\재우\desktop\sr막바지\trunk\1003_1\tool\include\debug\doorlock.obj
c:\users\재우\desktop\sr막바지\trunk\1003_1\tool\include\debug\etc.obj
c:\users\재우\desktop\sr막바지\trunk\1003_1\tool\include\debug\fileinfo.obj
c:\users\재우\desktop\sr막바지\trunk\1003_1\tool\include\debug\orthocamera.obj
c:\users\재우\desktop\sr막바지\trunk\1003_1\tool\include\debug\terrain.obj
c:\users\재우\desktop\sr막바지\trunk\1003_1\tool\include\debug\toolmgr.obj
c:\users\재우\desktop\sr막바지\trunk\1003_1\tool\include\debug\eventtool.obj
c:\users\재우\desktop\sr막바지\trunk\1003_1\tool\include\debug\mainfrm.obj
c:\users\재우\desktop\sr막바지\trunk\1003_1\tool\include\debug\maptool.obj
c:\users\재우\desktop\sr막바지\trunk\1003_1\tool\include\debug\myform.obj
c:\users\재우\desktop\sr막바지\trunk\1003_1\tool\include\debug\objecttool.obj
c:\users\재우\desktop\sr막바지\trunk\1003_1\tool\include\debug\pathextractortool.obj
c:\users\재우\desktop\sr막바지\trunk\1003_1\tool\include\debug\subview.obj
c:\users\재우\desktop\sr막바지\trunk\1003_1\tool\include\debug\tool.obj
c:\users\재우\desktop\sr막바지\trunk\1003_1\tool\include\debug\tooldoc.obj
c:\users\재우\desktop\sr막바지\trunk\1003_1\tool\include\debug\toolview.obj
c:\users\재우\desktop\sr막바지\trunk\1003_1\tool\include\debug\cubeballoon.obj
c:\users\재우\desktop\sr막바지\trunk\1003_1\tool\include\debug\cubelaser.obj
c:\users\재우\desktop\sr막바지\trunk\1003_1\tool\include\debug\cubeplatform.obj
c:\users\재우\desktop\sr막바지\trunk\1003_1\tool\include\debug\cuberock.obj
c:\users\재우\desktop\sr막바지\trunk\1003_1\tool\include\debug\cuberope.obj
c:\users\재우\desktop\sr막바지\trunk\1003_1\tool\include\debug\cubespikes.obj
c:\users\재우\desktop\sr막바지\trunk\1003_1\tool\include\debug\cubestairs.obj
c:\users\재우\desktop\sr막바지\trunk\1003_1\tool\include\debug\decoobj.obj
c:\users\재우\desktop\sr막바지\trunk\1003_1\tool\include\debug\chandlier.obj
c:\users\재우\desktop\sr막바지\trunk\1003_1\tool\include\debug\cubebrick.obj
c:\users\재우\desktop\sr막바지\trunk\1003_2\tool\include\debug\tool.pch
c:\users\재우\desktop\sr막바지\trunk\1003_2\tool\include\debug\vc140.pdb
c:\users\재우\desktop\sr막바지\trunk\1003_2\tool\include\debug\vc140.idb
c:\users\재우\desktop\sr막바지\trunk\1003_2\tool\include\debug\stdafx.obj
c:\users\재우\desktop\sr막바지\trunk\1003_2\tool\include\debug\cubecrate.obj
c:\users\재우\desktop\sr막바지\trunk\1003_2\tool\include\debug\cubedeco.obj
c:\users\재우\desktop\sr막바지\trunk\1003_2\tool\include\debug\cubeskull.obj
c:\users\재우\desktop\sr막바지\trunk\1003_2\tool\include\debug\door.obj
c:\users\재우\desktop\sr막바지\trunk\1003_2\tool\include\debug\doorlock.obj
c:\users\재우\desktop\sr막바지\trunk\1003_2\tool\include\debug\etc.obj
c:\users\재우\desktop\sr막바지\trunk\1003_2\tool\include\debug\fileinfo.obj
c:\users\재우\desktop\sr막바지\trunk\1003_2\tool\include\debug\orthocamera.obj
c:\users\재우\desktop\sr막바지\trunk\1003_2\tool\include\debug\terrain.obj
c:\users\재우\desktop\sr막바지\trunk\1003_2\tool\include\debug\toolmgr.obj
c:\users\재우\desktop\sr막바지\trunk\1003_2\tool\include\debug\eventtool.obj
c:\users\재우\desktop\sr막바지\trunk\1003_2\tool\include\debug\mainfrm.obj
c:\users\재우\desktop\sr막바지\trunk\1003_2\tool\include\debug\maptool.obj
c:\users\재우\desktop\sr막바지\trunk\1003_2\tool\include\debug\myform.obj
c:\users\재우\desktop\sr막바지\trunk\1003_2\tool\include\debug\objecttool.obj
c:\users\재우\desktop\sr막바지\trunk\1003_2\tool\include\debug\pathextractortool.obj
c:\users\재우\desktop\sr막바지\trunk\1003_2\tool\include\debug\subview.obj
c:\users\재우\desktop\sr막바지\trunk\1003_2\tool\include\debug\tool.obj
c:\users\재우\desktop\sr막바지\trunk\1003_2\tool\include\debug\tooldoc.obj
c:\users\재우\desktop\sr막바지\trunk\1003_2\tool\include\debug\toolview.obj
c:\users\재우\desktop\sr막바지\trunk\1003_2\tool\include\debug\cubeballoon.obj
c:\users\재우\desktop\sr막바지\trunk\1003_2\tool\include\debug\cubelaser.obj
c:\users\재우\desktop\sr막바지\trunk\1003_2\tool\include\debug\cubeplatform.obj
c:\users\재우\desktop\sr막바지\trunk\1003_2\tool\include\debug\cuberock.obj
c:\users\재우\desktop\sr막바지\trunk\1003_2\tool\include\debug\cuberope.obj
c:\users\재우\desktop\sr막바지\trunk\1003_2\tool\include\debug\cubespikes.obj
c:\users\재우\desktop\sr막바지\trunk\1003_2\tool\include\debug\cubestairs.obj
c:\users\재우\desktop\sr막바지\trunk\1003_2\tool\include\debug\decoobj.obj
c:\users\재우\desktop\sr막바지\trunk\1003_2\tool\include\debug\chandlier.obj
c:\users\재우\desktop\sr막바지\trunk\1003_2\tool\include\debug\cubebrick.obj
c:\users\재우\desktop\sr막바지\trunk\1003_4\tool\include\debug\tool.pch
c:\users\재우\desktop\sr막바지\trunk\1003_4\tool\include\debug\vc140.pdb
c:\users\재우\desktop\sr막바지\trunk\1003_4\tool\include\debug\vc140.idb
c:\users\재우\desktop\sr막바지\trunk\1003_4\tool\include\debug\stdafx.obj
c:\users\재우\desktop\sr막바지\trunk\1003_4\tool\include\debug\cubecrate.obj
c:\users\재우\desktop\sr막바지\trunk\1003_4\tool\include\debug\cubedeco.obj
c:\users\재우\desktop\sr막바지\trunk\1003_4\tool\include\debug\cubeskull.obj
c:\users\재우\desktop\sr막바지\trunk\1003_4\tool\include\debug\door.obj
c:\users\재우\desktop\sr막바지\trunk\1003_4\tool\include\debug\doorlock.obj
c:\users\재우\desktop\sr막바지\trunk\1003_4\tool\include\debug\etc.obj
c:\users\재우\desktop\sr막바지\trunk\1003_4\tool\include\debug\fileinfo.obj
c:\users\재우\desktop\sr막바지\trunk\1003_4\tool\include\debug\orthocamera.obj
c:\users\재우\desktop\sr막바지\trunk\1003_4\tool\include\debug\terrain.obj
c:\users\재우\desktop\sr막바지\trunk\1003_4\tool\include\debug\toolmgr.obj
c:\users\재우\desktop\sr막바지\trunk\1003_4\tool\include\debug\eventtool.obj
c:\users\재우\desktop\sr막바지\trunk\1003_4\tool\include\debug\mainfrm.obj
c:\users\재우\desktop\sr막바지\trunk\1003_4\tool\include\debug\maptool.obj
c:\users\재우\desktop\sr막바지\trunk\1003_4\tool\include\debug\myform.obj
c:\users\재우\desktop\sr막바지\trunk\1003_4\tool\include\debug\objecttool.obj
c:\users\재우\desktop\sr막바지\trunk\1003_4\tool\include\debug\pathextractortool.obj
c:\users\재우\desktop\sr막바지\trunk\1003_4\tool\include\debug\subview.obj
c:\users\재우\desktop\sr막바지\trunk\1003_4\tool\include\debug\tool.obj
c:\users\재우\desktop\sr막바지\trunk\1003_4\tool\include\debug\tooldoc.obj
c:\users\재우\desktop\sr막바지\trunk\1003_4\tool\include\debug\toolview.obj
c:\users\재우\desktop\sr막바지\trunk\1003_4\tool\include\debug\cubeballoon.obj
c:\users\재우\desktop\sr막바지\trunk\1003_4\tool\include\debug\cubelaser.obj
c:\users\재우\desktop\sr막바지\trunk\1003_4\tool\include\debug\cubeplatform.obj
c:\users\재우\desktop\sr막바지\trunk\1003_4\tool\include\debug\cuberock.obj
c:\users\재우\desktop\sr막바지\trunk\1003_4\tool\include\debug\cuberope.obj
c:\users\재우\desktop\sr막바지\trunk\1003_4\tool\include\debug\cubespikes.obj
c:\users\재우\desktop\sr막바지\trunk\1003_4\tool\include\debug\cubestairs.obj
c:\users\재우\desktop\sr막바지\trunk\1003_4\tool\include\debug\decoobj.obj
c:\users\재우\desktop\sr막바지\trunk\1003_4\tool\include\debug\chandlier.obj
c:\users\재우\desktop\sr막바지\trunk\1003_4\tool\include\debug\cubebrick.obj
c:\users\재우\desktop\sr막바지\trunk\1002_5\tool\bin\debug\tool.ilk
c:\users\재우\desktop\sr막바지\trunk\1002_5\tool\bin\debug\tool.exe
c:\users\재우\desktop\sr막바지\trunk\1002_5\tool\bin\debug\tool.pdb
c:\users\재우\desktop\sr막바지\trunk\1003_1\tool\bin\debug\tool.ilk
c:\users\재우\desktop\sr막바지\trunk\1003_1\tool\bin\debug\tool.exe
c:\users\재우\desktop\sr막바지\trunk\1003_1\tool\bin\debug\tool.pdb
c:\users\재우\desktop\sr막바지\trunk\1003_2\tool\bin\debug\tool.ilk
c:\users\재우\desktop\sr막바지\trunk\1003_2\tool\bin\debug\tool.exe
c:\users\재우\desktop\sr막바지\trunk\1003_2\tool\bin\debug\tool.pdb
c:\users\재우\desktop\sr막바지\trunk\1003_4\tool\bin\debug\tool.ilk
c:\users\재우\desktop\sr막바지\trunk\1003_4\tool\bin\debug\tool.exe
c:\users\재우\desktop\sr막바지\trunk\1003_4\tool\bin\debug\tool.pdb
c:\users\재우\desktop\sr막바지\trunk\1002_5\tool\include\debug\tool.res
c:\users\재우\desktop\sr막바지\trunk\1003_1\tool\include\debug\tool.res
c:\users\재우\desktop\sr막바지\trunk\1003_2\tool\include\debug\tool.res
c:\users\재우\desktop\sr막바지\trunk\1003_4\tool\include\debug\tool.res
c:\users\재우\desktop\sr막바지\trunk\1003_4\tool\include\../bin/debug\tool.exe
c:\users\재우\desktop\sr막바지\trunk\1003_4\tool\include\debug\tool.tlog\cl.command.1.tlog
c:\users\재우\desktop\sr막바지\trunk\1003_4\tool\include\debug\tool.tlog\cl.read.1.tlog
c:\users\재우\desktop\sr막바지\trunk\1003_4\tool\include\debug\tool.tlog\cl.write.1.tlog
c:\users\재우\desktop\sr막바지\trunk\1003_4\tool\include\debug\tool.tlog\link.command.1.tlog
c:\users\재우\desktop\sr막바지\trunk\1003_4\tool\include\debug\tool.tlog\link.read.1.tlog
c:\users\재우\desktop\sr막바지\trunk\1003_4\tool\include\debug\tool.tlog\link.write.1.tlog
c:\users\재우\desktop\sr막바지\trunk\1003_4\tool\include\debug\tool.tlog\rc.command.1.tlog
c:\users\재우\desktop\sr막바지\trunk\1003_4\tool\include\debug\tool.tlog\rc.read.1.tlog
c:\users\재우\desktop\sr막바지\trunk\1003_4\tool\include\debug\tool.tlog\rc.write.1.tlog
